<?xml version="1.0" encoding="UTF-8"?>
<testsuite xmlns:xsi="http://www.w3.org/2001/XMLSchema-instance" xsi:noNamespaceSchemaLocation="https://maven.apache.org/surefire/maven-surefire-plugin/xsd/surefire-test-report.xsd" version="3.0.2" name="com.crud.CrudOperationApplicationTests" time="21.596" tests="1" errors="0" skipped="0" failures="0">
  <properties>
[...]
</properties>
  <testcase name="contextLoads" classname="com.crud.CrudOperationApplicationTests" time="1.026">
    <system-out><![CDATA[10:45:14.515 [main] INFO org.springframework.test.context.support.AnnotationConfigContextLoaderUtils -- Could not detect default configuration classes for test class [com.crud.CrudOperationApplicationTests]: CrudOperationApplicationTests does not declare any static, non-private, non-final, nested classes annotated with @Configuration.
10:45:14.981 [main] INFO org.springframework.boot.test.context.SpringBootTestContextBootstrapper -- Found @SpringBootConfiguration com.crud.CrudOperationApplication for test class com.crud.CrudOperationApplicationTests

  .   ____          _            __ _ _
 /\\ / ___'_ __ _ _(_)_ __  __ _ \ \ \ \
( ( )\___ | '_ | '_| | '_ \/ _` | \ \ \ \
 \\/  ___)| |_)| | | | | || (_| |  ) ) ) )
  '  |____| .__|_| |_|_| |_\__, | / / / /
 =========|_|==============|___/=/_/_/_/

 :: Spring Boot ::                (v3.5.3)

2025-11-27T10:45:16.578+05:30  INFO 2033 --- [CrudOperation] [           main] com.crud.CrudOperationApplicationTests   : Starting CrudOperationApplicationTests using Java 24.0.2 with PID 2033 (started by suyogghadage in /Users/suyogghadage/Desktop/12/HealthInsurance)
2025-11-27T10:45:16.580+05:30  INFO 2033 --- [CrudOperation] [           main] com.crud.CrudOperationApplicationTests   : No active profile set, falling back to 1 default profile: "default"
2025-11-27T10:45:19.422+05:30  INFO 2033 --- [CrudOperation] [           main] .s.d.r.c.RepositoryConfigurationDelegate : Bootstrapping Spring Data JPA repositories in DEFAULT mode.
2025-11-27T10:45:20.229+05:30  INFO 2033 --- [CrudOperation] [           main] .s.d.r.c.RepositoryConfigurationDelegate : Finished Spring Data repository scanning in 769 ms. Found 14 JPA repository interfaces.
2025-11-27T10:45:22.341+05:30  INFO 2033 --- [CrudOperation] [           main] o.hibernate.jpa.internal.util.LogHelper  : HHH000204: Processing PersistenceUnitInfo [name: default]
2025-11-27T10:45:22.597+05:30  INFO 2033 --- [CrudOperation] [           main] org.hibernate.Version                    : HHH000412: Hibernate ORM core version 6.6.18.Final
2025-11-27T10:45:22.732+05:30  INFO 2033 --- [CrudOperation] [           main] o.h.c.internal.RegionFactoryInitiator    : HHH000026: Second-level cache disabled
2025-11-27T10:45:23.974+05:30  INFO 2033 --- [CrudOperation] [           main] o.s.o.j.p.SpringPersistenceUnitInfo      : No LoadTimeWeaver setup: ignoring JPA class transformer
2025-11-27T10:45:24.080+05:30  INFO 2033 --- [CrudOperation] [           main] com.zaxxer.hikari.HikariDataSource       : HikariPool-1 - Starting...
2025-11-27T10:45:25.123+05:30  INFO 2033 --- [CrudOperation] [           main] com.zaxxer.hikari.pool.HikariPool        : HikariPool-1 - Added connection com.mysql.cj.jdbc.ConnectionImpl@78e387d6
2025-11-27T10:45:25.129+05:30  INFO 2033 --- [CrudOperation] [           main] com.zaxxer.hikari.HikariDataSource       : HikariPool-1 - Start completed.
2025-11-27T10:45:25.315+05:30  WARN 2033 --- [CrudOperation] [           main] org.hibernate.orm.deprecation            : HHH90000025: MySQL8Dialect does not need to be specified explicitly using 'hibernate.dialect' (remove the property setting and it will be selected by default)
2025-11-27T10:45:25.316+05:30  WARN 2033 --- [CrudOperation] [           main] org.hibernate.orm.deprecation            : HHH90000026: MySQL8Dialect has been deprecated; use org.hibernate.dialect.MySQLDialect instead
2025-11-27T10:45:25.424+05:30  INFO 2033 --- [CrudOperation] [           main] org.hibernate.orm.connections.pooling    : HHH10001005: Database info:
	Database JDBC URL [Connecting through datasource 'HikariDataSource (HikariPool-1)']
	Database driver: undefined/unknown
	Database version: 8.0
	Autocommit mode: undefined/unknown
	Isolation level: undefined/unknown
	Minimum pool size: undefined/unknown
	Maximum pool size: undefined/unknown
2025-11-27T10:45:29.260+05:30  INFO 2033 --- [CrudOperation] [           main] o.h.e.t.j.p.i.JtaPlatformInitiator       : HHH000489: No JTA platform available (set 'hibernate.transaction.jta.platform' to enable JTA platform integration)
2025-11-27T10:45:29.726+05:30  INFO 2033 --- [CrudOperation] [           main] j.LocalContainerEntityManagerFactoryBean : Initialized JPA EntityManagerFactory for persistence unit 'default'
2025-11-27T10:45:31.812+05:30  WARN 2033 --- [CrudOperation] [           main] JpaBaseConfiguration$JpaWebConfiguration : spring.jpa.open-in-view is enabled by default. Therefore, database queries may be performed during view rendering. Explicitly configure spring.jpa.open-in-view to disable this warning
2025-11-27T10:45:32.773+05:30  INFO 2033 --- [CrudOperation] [           main] eAuthenticationProviderManagerConfigurer : Global AuthenticationManager configured with AuthenticationProvider bean with name authenticationProvider
2025-11-27T10:45:32.775+05:30  WARN 2033 --- [CrudOperation] [           main] r$InitializeUserDetailsManagerConfigurer : Global AuthenticationManager configured with an AuthenticationProvider bean. UserDetailsService beans will not be used by Spring Security for automatically configuring username/password login. Consider removing the AuthenticationProvider bean. Alternatively, consider using the UserDetailsService in a manually instantiated DaoAuthenticationProvider. If the current configuration is intentional, to turn off this warning, increase the logging level of 'org.springframework.security.config.annotation.authentication.configuration.InitializeUserDetailsBeanManagerConfigurer' to ERROR
2025-11-27T10:45:33.945+05:30  INFO 2033 --- [CrudOperation] [           main] com.crud.CrudOperationApplicationTests   : Started CrudOperationApplicationTests in 18.386 seconds (process running for 21.624)
Hibernate: select a1_0.id,a1_0.email,a1_0.mobile_number,a1_0.otp,a1_0.otp_generated_at,a1_0.pan_number,a1_0.password,a1_0.role,a1_0.username from admins a1_0 where a1_0.role=?
Hibernate: select ap1_0.id,ap1_0.admin_id,ap1_0.city,ap1_0.company_name,ap1_0.company_type,ap1_0.correspondence_address,ap1_0.country,ap1_0.date_of_birth,ap1_0.email,ap1_0.gst_number,ap1_0.head_office_address,ap1_0.name,ap1_0.pan_number,ap1_0.password,ap1_0.permanent_address,ap1_0.phone_number,ap1_0.pin_code,ap1_0.state from admin_profiles ap1_0 where ap1_0.admin_id=?
]]></system-out>
    <system-err><![CDATA[Mockito is currently self-attaching to enable the inline-mock-maker. This will no longer work in future releases of the JDK. Please add Mockito as an agent to your build as described in Mockito's documentation: https://javadoc.io/doc/org.mockito/mockito-core/latest/org.mockito/org/mockito/Mockito.html#0.3
WARNING: A Java agent has been loaded dynamically (/Users/suyogghadage/.m2/repository/net/bytebuddy/byte-buddy-agent/1.17.6/byte-buddy-agent-1.17.6.jar)
WARNING: If a serviceability tool is in use, please run with -XX:+EnableDynamicAgentLoading to hide this warning
WARNING: If a serviceability tool is not in use, please run with -Djdk.instrument.traceUsage for more information
WARNING: Dynamic loading of agents will be disallowed by default in a future release
]]></system-err>
  </testcase>
</testsuite>